<?xml version="1.0" encoding="UTF-8"?>
<testng-results ignored="0" total="1" passed="0" failed="1" skipped="0">
  <reporter-output>
  </reporter-output>
  <suite started-at="2025-01-26T01:12:12 CET" name="Default suite" finished-at="2025-01-26T01:14:10 CET" duration-ms="118241">
    <groups>
    </groups>
    <test started-at="2025-01-26T01:12:12 CET" name="Default test" finished-at="2025-01-26T01:14:10 CET" duration-ms="118241">
      <class name="amazon_package.Amazon_Project.TestCase2_Login_Wishlist_Cart_Payment_Logout">
        <test-method is-config="true" signature="launch()[pri:0, instance:amazon_package.Amazon_Project.TestCase2_Login_Wishlist_Cart_Payment_Logout@54c562f7]" started-at="2025-01-26T01:12:12 CET" name="launch" finished-at="2025-01-26T01:12:17 CET" duration-ms="4975" status="PASS">
          <reporter-output>
          </reporter-output>
        </test-method> <!-- launch -->
        <test-method signature="Login_Wishlist_Cart_Payment_Logout()[pri:0, instance:amazon_package.Amazon_Project.TestCase2_Login_Wishlist_Cart_Payment_Logout@54c562f7]" started-at="2025-01-26T01:12:17 CET" name="Login_Wishlist_Cart_Payment_Logout" finished-at="2025-01-26T01:14:06 CET" duration-ms="109458" status="FAIL">
          <exception class="java.lang.NullPointerException">
            <message>
              <![CDATA[Cannot invoke "org.openqa.selenium.WebDriver.getClass()" because "exceptionDriver" is null]]>
            </message>
            <full-stacktrace>
              <![CDATA[java.lang.NullPointerException: Cannot invoke "org.openqa.selenium.WebDriver.getClass()" because "exceptionDriver" is null
at org.openqa.selenium.support.ui.WebDriverWait.timeoutException(WebDriverWait.java:85)
at org.openqa.selenium.support.ui.FluentWait.until(FluentWait.java:228)
at amazon_package.Amazon_Project.PaymentPage.usethispaymentmethod(PaymentPage.java:73)
at amazon_package.Amazon_Project.TestCase2_Login_Wishlist_Cart_Payment_Logout.Login_Wishlist_Cart_Payment_Logout(TestCase2_Login_Wishlist_Cart_Payment_Logout.java:43)
at java.base/jdk.internal.reflect.NativeMethodAccessorImpl.invoke0(Native Method)
at java.base/jdk.internal.reflect.NativeMethodAccessorImpl.invoke(NativeMethodAccessorImpl.java:77)
at java.base/jdk.internal.reflect.DelegatingMethodAccessorImpl.invoke(DelegatingMethodAccessorImpl.java:43)
at java.base/java.lang.reflect.Method.invoke(Method.java:568)
at org.testng.internal.MethodInvocationHelper.invokeMethod(MethodInvocationHelper.java:133)
at org.testng.internal.TestInvoker.invokeMethod(TestInvoker.java:598)
at org.testng.internal.TestInvoker.invokeTestMethod(TestInvoker.java:173)
at org.testng.internal.MethodRunner.runInSequence(MethodRunner.java:46)
at org.testng.internal.TestInvoker$MethodInvocationAgent.invoke(TestInvoker.java:824)
at org.testng.internal.TestInvoker.invokeTestMethods(TestInvoker.java:146)
at org.testng.internal.TestMethodWorker.invokeTestMethods(TestMethodWorker.java:146)
at org.testng.internal.TestMethodWorker.run(TestMethodWorker.java:128)
at java.base/java.util.ArrayList.forEach(ArrayList.java:1511)
at org.testng.TestRunner.privateRun(TestRunner.java:794)
at org.testng.TestRunner.run(TestRunner.java:596)
at org.testng.SuiteRunner.runTest(SuiteRunner.java:377)
at org.testng.SuiteRunner.runSequentially(SuiteRunner.java:371)
at org.testng.SuiteRunner.privateRun(SuiteRunner.java:332)
at org.testng.SuiteRunner.run(SuiteRunner.java:276)
at org.testng.SuiteRunnerWorker.runSuite(SuiteRunnerWorker.java:53)
at org.testng.SuiteRunnerWorker.run(SuiteRunnerWorker.java:96)
at org.testng.TestNG.runSuitesSequentially(TestNG.java:1212)
at org.testng.TestNG.runSuitesLocally(TestNG.java:1134)
at org.testng.TestNG.runSuites(TestNG.java:1063)
at org.testng.TestNG.run(TestNG.java:1031)
at org.testng.remote.AbstractRemoteTestNG.run(AbstractRemoteTestNG.java:115)
at org.testng.remote.RemoteTestNG.initAndRun(RemoteTestNG.java:293)
at org.testng.remote.RemoteTestNG.main(RemoteTestNG.java:91)
]]>
            </full-stacktrace>
          </exception> <!-- java.lang.NullPointerException -->
          <reporter-output>
          </reporter-output>
        </test-method> <!-- Login_Wishlist_Cart_Payment_Logout -->
        <test-method is-config="true" signature="quit()[pri:0, instance:amazon_package.Amazon_Project.TestCase2_Login_Wishlist_Cart_Payment_Logout@54c562f7]" started-at="2025-01-26T01:14:06 CET" name="quit" finished-at="2025-01-26T01:14:10 CET" duration-ms="3792" status="PASS">
          <reporter-output>
          </reporter-output>
        </test-method> <!-- quit -->
      </class> <!-- amazon_package.Amazon_Project.TestCase2_Login_Wishlist_Cart_Payment_Logout -->
    </test> <!-- Default test -->
  </suite> <!-- Default suite -->
</testng-results>
